<?xml version="1.0" encoding="UTF-8"?>
<!-- Generated by org.testng.reporters.JUnitXMLReporter -->
<testsuite ignored="0" hostname="LAPTOP-SK26IGOR" failures="0" tests="5" name="LoginTestcases" time="26.162" errors="0" timestamp="2021-05-28T21:37:47 IST">
  <testcase classname="MyProject.TestCases.TestCasesForWeb.InvalidLoginTestCases" name="TestLoginWithInValidCrdentials" time="0.253"/>
  <testcase classname="MyProject.TestCases.TestCasesForWeb.InvalidLoginTestCases" name="TestLoginWithInValidCrdentials" time="0.198"/>
  <testcase classname="MyProject.TestCases.TestCasesForWeb.InvalidLoginTestCases" name="TestLoginWithInValidCrdentials" time="0.179"/>
  <testcase classname="MyProject.TestCases.TestCasesForWeb.InvalidLoginTestCases" name="TestLoginWithInValidCrdentials" time="0.824"/>
  <testcase classname="MyProject.TestCases.TestCasesForWeb.ValidLoginCredentials" name="TestLoginWithValidCrdentials" time="5.543"/>
</testsuite> <!-- LoginTestcases -->
