<?xml version="1.0" encoding="UTF-8"?>
<!-- Generated by org.testng.reporters.JUnitXMLReporter -->
<testsuite ignored="0" hostname="LAPTOP-SK26IGOR" failures="0" tests="5" name="LoginTestcases" time="33.067" errors="0" timestamp="2021-05-28T22:20:33 IST">
  <testcase classname="MyProject.TestCases.TestCasesForWeb.InvalidLoginTestCases" name="TestLoginWithInValidCrdentials" time="0.273"/>
  <testcase classname="MyProject.TestCases.TestCasesForWeb.InvalidLoginTestCases" name="TestLoginWithInValidCrdentials" time="0.194"/>
  <testcase classname="MyProject.TestCases.TestCasesForWeb.InvalidLoginTestCases" name="TestLoginWithInValidCrdentials" time="0.166"/>
  <testcase classname="MyProject.TestCases.TestCasesForWeb.InvalidLoginTestCases" name="TestLoginWithInValidCrdentials" time="0.95"/>
  <testcase classname="MyProject.TestCases.TestCasesForWeb.ValidLoginCredentials" name="TestLoginWithValidCrdentials" time="6.944"/>
</testsuite> <!-- LoginTestcases -->
