<?xml version="1.0" encoding="UTF-8"?>
<testng-results ignored="0" total="5" passed="5" failed="0" skipped="0">
  <reporter-output>
  </reporter-output>
  <suite started-at="2021-05-28T21:37:21 IST" name="WebTestcases" finished-at="2021-05-28T21:37:47 IST" duration-ms="26162">
    <groups>
    </groups>
    <test started-at="2021-05-28T21:37:21 IST" name="LoginTestcases" finished-at="2021-05-28T21:37:47 IST" duration-ms="26162">
      <class name="MyProject.TestCases.TestCasesForWeb.ValidLoginCredentials">
        <test-method is-config="true" signature="Init(java.lang.String)[pri:0, instance:MyProject.TestCases.TestCasesForWeb.ValidLoginCredentials@2abf4075]" started-at="2021-05-28T21:37:32 IST" name="Init" finished-at="2021-05-28T21:37:42 IST" duration-ms="9526" status="PASS">
          <params>
            <param index="0">
              <value>
                <![CDATA[CHROME]]>
              </value>
            </param>
          </params>
          <reporter-output>
          </reporter-output>
        </test-method> <!-- Init -->
        <test-method signature="TestLoginWithValidCrdentials()[pri:1, instance:MyProject.TestCases.TestCasesForWeb.ValidLoginCredentials@2abf4075]" started-at="2021-05-28T21:37:42 IST" name="TestLoginWithValidCrdentials" finished-at="2021-05-28T21:37:47 IST" duration-ms="5543" status="PASS">
          <reporter-output>
          </reporter-output>
        </test-method> <!-- TestLoginWithValidCrdentials -->
      </class> <!-- MyProject.TestCases.TestCasesForWeb.ValidLoginCredentials -->
      <class name="MyProject.TestCases.TestCasesForWeb.InvalidLoginTestCases">
        <test-method is-config="true" signature="Init(java.lang.String)[pri:0, instance:MyProject.TestCases.TestCasesForWeb.InvalidLoginTestCases@6a370f4]" started-at="2021-05-28T21:37:21 IST" name="Init" finished-at="2021-05-28T21:37:31 IST" duration-ms="9609" status="PASS">
          <params>
            <param index="0">
              <value>
                <![CDATA[CHROME]]>
              </value>
            </param>
          </params>
          <reporter-output>
          </reporter-output>
        </test-method> <!-- Init -->
        <test-method signature="TestLoginWithInValidCrdentials(java.lang.String, java.lang.String, java.lang.String)[pri:1, instance:MyProject.TestCases.TestCasesForWeb.InvalidLoginTestCases@6a370f4]" started-at="2021-05-28T21:37:31 IST" name="TestLoginWithInValidCrdentials" data-provider="ProvideInvalidCredentials" finished-at="2021-05-28T21:37:31 IST" duration-ms="253" status="PASS">
          <params>
            <param index="0">
              <value>
                <![CDATA[Admin]]>
              </value>
            </param>
            <param index="1">
              <value>
                <![CDATA[]]>
              </value>
            </param>
            <param index="2">
              <value>
                <![CDATA[Password cannot be empty]]>
              </value>
            </param>
          </params>
          <reporter-output>
          </reporter-output>
        </test-method> <!-- TestLoginWithInValidCrdentials -->
        <test-method signature="TestLoginWithInValidCrdentials(java.lang.String, java.lang.String, java.lang.String)[pri:1, instance:MyProject.TestCases.TestCasesForWeb.InvalidLoginTestCases@6a370f4]" started-at="2021-05-28T21:37:31 IST" name="TestLoginWithInValidCrdentials" data-provider="ProvideInvalidCredentials" finished-at="2021-05-28T21:37:31 IST" duration-ms="198" status="PASS">
          <params>
            <param index="0">
              <value>
                <![CDATA[]]>
              </value>
            </param>
            <param index="1">
              <value>
                <![CDATA[admin123]]>
              </value>
            </param>
            <param index="2">
              <value>
                <![CDATA[Username cannot be empty]]>
              </value>
            </param>
          </params>
          <reporter-output>
          </reporter-output>
        </test-method> <!-- TestLoginWithInValidCrdentials -->
        <test-method signature="TestLoginWithInValidCrdentials(java.lang.String, java.lang.String, java.lang.String)[pri:1, instance:MyProject.TestCases.TestCasesForWeb.InvalidLoginTestCases@6a370f4]" started-at="2021-05-28T21:37:31 IST" name="TestLoginWithInValidCrdentials" data-provider="ProvideInvalidCredentials" finished-at="2021-05-28T21:37:31 IST" duration-ms="179" status="PASS">
          <params>
            <param index="0">
              <value>
                <![CDATA[]]>
              </value>
            </param>
            <param index="1">
              <value>
                <![CDATA[]]>
              </value>
            </param>
            <param index="2">
              <value>
                <![CDATA[Username cannot be empty]]>
              </value>
            </param>
          </params>
          <reporter-output>
          </reporter-output>
        </test-method> <!-- TestLoginWithInValidCrdentials -->
        <test-method signature="TestLoginWithInValidCrdentials(java.lang.String, java.lang.String, java.lang.String)[pri:1, instance:MyProject.TestCases.TestCasesForWeb.InvalidLoginTestCases@6a370f4]" started-at="2021-05-28T21:37:31 IST" name="TestLoginWithInValidCrdentials" data-provider="ProvideInvalidCredentials" finished-at="2021-05-28T21:37:32 IST" duration-ms="824" status="PASS">
          <params>
            <param index="0">
              <value>
                <![CDATA[Pranoday]]>
              </value>
            </param>
            <param index="1">
              <value>
                <![CDATA[Dingare]]>
              </value>
            </param>
            <param index="2">
              <value>
                <![CDATA[Invalid credentials]]>
              </value>
            </param>
          </params>
          <reporter-output>
          </reporter-output>
        </test-method> <!-- TestLoginWithInValidCrdentials -->
      </class> <!-- MyProject.TestCases.TestCasesForWeb.InvalidLoginTestCases -->
    </test> <!-- LoginTestcases -->
  </suite> <!-- WebTestcases -->
</testng-results>
